# JRE version: OpenJDK Runtime Environment (11.0.10) (build 11.0.10+0-b96-7249189)
# Java VM: OpenJDK 64-Bit Server VM (11.0.10+0-b96-7249189, mixed mode, tiered, compressed oops, g1 gc, windows-amd64)
Heap:
 garbage-first heap   total 227328K, used 115147K [0x0000000080000000, 0x0000000100000000)
  region size 1024K, 27 young (27648K), 5 survivors (5120K)
 Metaspace       used 106047K, capacity 108824K, committed 109264K, reserved 1144832K
  class space    used 14034K, capacity 15104K, committed 15180K, reserved 1048576K
GC Heap History (20 events):
Event: 18.113 GC heap before
{Heap before GC invocations=12 (full 0):
 garbage-first heap   total 157696K, used 68021K [0x0000000080000000, 0x0000000100000000)
  region size 1024K, 36 young (36864K), 11 survivors (11264K)
 Metaspace       used 58262K, capacity 59736K, committed 59900K, reserved 1101824K
  class space    used 7401K, capacity 7940K, committed 8064K, reserved 1048576K
}
Event: 18.152 GC heap after
{Heap after GC invocations=13 (full 0):
 garbage-first heap   total 189440K, used 46531K [0x0000000080000000, 0x0000000100000000)
  region size 1024K, 3 young (3072K), 3 survivors (3072K)
 Metaspace       used 58262K, capacity 59736K, committed 59900K, reserved 1101824K
  class space    used 7401K, capacity 7940K, committed 8064K, reserved 1048576K
}
Event: 20.004 GC heap before
{Heap before GC invocations=14 (full 0):
 garbage-first heap   total 189440K, used 112067K [0x0000000080000000, 0x0000000100000000)
  region size 1024K, 67 young (68608K), 3 survivors (3072K)
 Metaspace       used 63292K, capacity 64896K, committed 65160K, reserved 1105920K
  class space    used 8056K, capacity 8643K, committed 8780K, reserved 1048576K
}
Event: 20.034 GC heap after
{Heap after GC invocations=15 (full 0):
 garbage-first heap   total 189440K, used 51364K [0x0000000080000000, 0x0000000100000000)
  region size 1024K, 8 young (8192K), 8 survivors (8192K)
 Metaspace       used 63292K, capacity 64896K, committed 65160K, reserved 1105920K
  class space    used 8056K, capacity 8643K, committed 8780K, reserved 1048576K
}
Event: 21.941 GC heap before
{Heap before GC invocations=16 (full 0):
 garbage-first heap   total 189440K, used 118948K [0x0000000080000000, 0x0000000100000000)
  region size 1024K, 74 young (75776K), 8 survivors (8192K)
 Metaspace       used 69329K, capacity 71007K, committed 71176K, reserved 1112064K
  class space    used 8993K, capacity 9620K, committed 9676K, reserved 1048576K
}
Event: 21.971 GC heap after
{Heap after GC invocations=17 (full 0):
 garbage-first heap   total 189440K, used 56186K [0x0000000080000000, 0x0000000100000000)
  region size 1024K, 5 young (5120K), 5 survivors (5120K)
 Metaspace       used 69329K, capacity 71007K, committed 71176K, reserved 1112064K
  class space    used 8993K, capacity 9620K, committed 9676K, reserved 1048576K
}
Event: 23.967 GC heap before
{Heap before GC invocations=17 (full 0):
 garbage-first heap   total 189440K, used 125818K [0x0000000080000000, 0x0000000100000000)
  region size 1024K, 73 young (74752K), 5 survivors (5120K)
 Metaspace       used 76575K, capacity 78447K, committed 78728K, reserved 1118208K
  class space    used 10016K, capacity 10710K, committed 10828K, reserved 1048576K
}
Event: 23.990 GC heap after
{Heap after GC invocations=18 (full 0):
 garbage-first heap   total 189440K, used 60054K [0x0000000080000000, 0x0000000100000000)
  region size 1024K, 9 young (9216K), 9 survivors (9216K)
 Metaspace       used 76575K, capacity 78447K, committed 78728K, reserved 1118208K
  class space    used 10016K, capacity 10710K, committed 10828K, reserved 1048576K
}
Event: 26.061 GC heap before
{Heap before GC invocations=18 (full 0):
 garbage-first heap   total 189440K, used 130710K [0x0000000080000000, 0x0000000100000000)
  region size 1024K, 79 young (80896K), 9 survivors (9216K)
 Metaspace       used 78736K, capacity 80778K, committed 81032K, reserved 1120256K
  class space    used 10291K, capacity 11034K, committed 11084K, reserved 1048576K
}
Event: 26.097 GC heap after
{Heap after GC invocations=19 (full 0):
 garbage-first heap   total 189440K, used 65319K [0x0000000080000000, 0x0000000100000000)
  region size 1024K, 10 young (10240K), 10 survivors (10240K)
 Metaspace       used 78736K, capacity 80778K, committed 81032K, reserved 1120256K
  class space    used 10291K, capacity 11034K, committed 11084K, reserved 1048576K
}
Event: 28.189 GC heap before
{Heap before GC invocations=19 (full 0):
 garbage-first heap   total 189440K, used 135975K [0x0000000080000000, 0x0000000100000000)
  region size 1024K, 80 young (81920K), 10 survivors (10240K)
 Metaspace       used 79695K, capacity 81708K, committed 81928K, reserved 1120256K
  class space    used 10349K, capacity 11122K, committed 11212K, reserved 1048576K
}
Event: 28.226 GC heap after
{Heap after GC invocations=20 (full 0):
 garbage-first heap   total 227328K, used 69985K [0x0000000080000000, 0x0000000100000000)
  region size 1024K, 10 young (10240K), 10 survivors (10240K)
 Metaspace       used 79695K, capacity 81708K, committed 81928K, reserved 1120256K
  class space    used 10349K, capacity 11122K, committed 11212K, reserved 1048576K
}
Event: 35.150 GC heap before
{Heap before GC invocations=20 (full 0):
 garbage-first heap   total 227328K, used 162145K [0x0000000080000000, 0x0000000100000000)
  region size 1024K, 99 young (101376K), 10 survivors (10240K)
 Metaspace       used 88191K, capacity 90541K, committed 90760K, reserved 1128448K
  class space    used 11393K, capacity 12257K, committed 12364K, reserved 1048576K
}
Event: 35.239 GC heap after
{Heap after GC invocations=21 (full 0):
 garbage-first heap   total 227328K, used 86016K [0x0000000080000000, 0x0000000100000000)
  region size 1024K, 13 young (13312K), 13 survivors (13312K)
 Metaspace       used 88191K, capacity 90541K, committed 90760K, reserved 1128448K
  class space    used 11393K, capacity 12257K, committed 12364K, reserved 1048576K
}
Event: 39.649 GC heap before
{Heap before GC invocations=21 (full 0):
 garbage-first heap   total 227328K, used 166912K [0x0000000080000000, 0x0000000100000000)
  region size 1024K, 93 young (95232K), 13 survivors (13312K)
 Metaspace       used 91539K, capacity 93928K, committed 94216K, reserved 1130496K
  class space    used 11751K, capacity 12663K, committed 12748K, reserved 1048576K
}
Event: 39.725 GC heap after
{Heap after GC invocations=22 (full 0):
 garbage-first heap   total 227328K, used 91136K [0x0000000080000000, 0x0000000100000000)
  region size 1024K, 8 young (8192K), 8 survivors (8192K)
 Metaspace       used 91539K, capacity 93928K, committed 94216K, reserved 1130496K
  class space    used 11751K, capacity 12663K, committed 12748K, reserved 1048576K
}
Event: 42.431 GC heap before
{Heap before GC invocations=22 (full 0):
 garbage-first heap   total 227328K, used 169984K [0x0000000080000000, 0x0000000100000000)
  region size 1024K, 86 young (88064K), 8 survivors (8192K)
 Metaspace       used 101714K, capacity 104518K, committed 104584K, reserved 1140736K
  class space    used 13318K, capacity 14387K, committed 14412K, reserved 1048576K
}
Event: 42.465 GC heap after
{Heap after GC invocations=23 (full 0):
 garbage-first heap   total 227328K, used 94643K [0x0000000080000000, 0x0000000100000000)
  region size 1024K, 4 young (4096K), 4 survivors (4096K)
 Metaspace       used 101714K, capacity 104518K, committed 104584K, reserved 1140736K
  class space    used 13318K, capacity 14387K, committed 14412K, reserved 1048576K
}
Event: 43.959 GC heap before
{Heap before GC invocations=23 (full 0):
 garbage-first heap   total 227328K, used 136627K [0x0000000080000000, 0x0000000100000000)
  region size 1024K, 47 young (48128K), 4 survivors (4096K)
 Metaspace       used 105521K, capacity 108463K, committed 108600K, reserved 1142784K
  class space    used 13971K, capacity 15106K, committed 15180K, reserved 1048576K
}
Event: 43.978 GC heap after
{Heap after GC invocations=24 (full 0):
 garbage-first heap   total 227328K, used 95102K [0x0000000080000000, 0x0000000100000000)
  region size 1024K, 5 young (5120K), 5 survivors (5120K)
 Metaspace       used 105521K, capacity 108463K, committed 108600K, reserved 1142784K
  class space    used 13971K, capacity 15106K, committed 15180K, reserved 1048576K
}

