# JRE version: OpenJDK Runtime Environment (11.0.10) (build 11.0.10+0-b96-7249189)
# Java VM: OpenJDK 64-Bit Server VM (11.0.10+0-b96-7249189, mixed mode, tiered, compressed oops, g1 gc, windows-amd64)
Heap:
 garbage-first heap   total 157696K, used 108690K [0x0000000080000000, 0x0000000100000000)
  region size 1024K, 22 young (22528K), 1 survivors (1024K)
 Metaspace       used 84667K, capacity 86733K, committed 86988K, reserved 1124352K
  class space    used 10924K, capacity 11654K, committed 11776K, reserved 1048576K
GC Heap History (20 events):
Event: 44.360 GC heap before
{Heap before GC invocations=15 (full 0):
 garbage-first heap   total 131072K, used 105681K [0x0000000080000000, 0x0000000100000000)
  region size 1024K, 38 young (38912K), 2 survivors (2048K)
 Metaspace       used 61027K, capacity 62777K, committed 62924K, reserved 1103872K
  class space    used 7755K, capacity 8342K, committed 8448K, reserved 1048576K
}
Event: 44.373 GC heap after
{Heap after GC invocations=16 (full 0):
 garbage-first heap   total 131072K, used 72515K [0x0000000080000000, 0x0000000100000000)
  region size 1024K, 5 young (5120K), 5 survivors (5120K)
 Metaspace       used 61027K, capacity 62777K, committed 62924K, reserved 1103872K
  class space    used 7755K, capacity 8342K, committed 8448K, reserved 1048576K
}
Event: 45.188 GC heap before
{Heap before GC invocations=16 (full 0):
 garbage-first heap   total 131072K, used 102211K [0x0000000080000000, 0x0000000100000000)
  region size 1024K, 35 young (35840K), 5 survivors (5120K)
 Metaspace       used 64096K, capacity 65925K, committed 66124K, reserved 1105920K
  class space    used 8147K, capacity 8744K, committed 8832K, reserved 1048576K
}
Event: 45.204 GC heap after
{Heap after GC invocations=17 (full 0):
 garbage-first heap   total 131072K, used 74601K [0x0000000080000000, 0x0000000100000000)
  region size 1024K, 3 young (3072K), 3 survivors (3072K)
 Metaspace       used 64096K, capacity 65925K, committed 66124K, reserved 1105920K
  class space    used 8147K, capacity 8744K, committed 8832K, reserved 1048576K
}
Event: 45.903 GC heap before
{Heap before GC invocations=18 (full 0):
 garbage-first heap   total 131072K, used 107369K [0x0000000080000000, 0x0000000100000000)
  region size 1024K, 34 young (34816K), 3 survivors (3072K)
 Metaspace       used 64966K, capacity 66788K, committed 67020K, reserved 1107968K
  class space    used 8278K, capacity 8877K, committed 8960K, reserved 1048576K
}
Event: 45.917 GC heap after
{Heap after GC invocations=19 (full 0):
 garbage-first heap   total 131072K, used 77387K [0x0000000080000000, 0x0000000100000000)
  region size 1024K, 5 young (5120K), 5 survivors (5120K)
 Metaspace       used 64966K, capacity 66788K, committed 67020K, reserved 1107968K
  class space    used 8278K, capacity 8877K, committed 8960K, reserved 1048576K
}
Event: 46.763 GC heap before
{Heap before GC invocations=19 (full 0):
 garbage-first heap   total 131072K, used 108107K [0x0000000080000000, 0x0000000100000000)
  region size 1024K, 35 young (35840K), 5 survivors (5120K)
 Metaspace       used 68251K, capacity 70084K, committed 70348K, reserved 1110016K
  class space    used 8829K, capacity 9463K, committed 9472K, reserved 1048576K
}
Event: 46.779 GC heap after
{Heap after GC invocations=20 (full 0):
 garbage-first heap   total 131072K, used 78883K [0x0000000080000000, 0x0000000100000000)
  region size 1024K, 2 young (2048K), 2 survivors (2048K)
 Metaspace       used 68251K, capacity 70084K, committed 70348K, reserved 1110016K
  class space    used 8829K, capacity 9463K, committed 9472K, reserved 1048576K
}
Event: 48.003 GC heap before
{Heap before GC invocations=21 (full 0):
 garbage-first heap   total 131072K, used 108579K [0x0000000080000000, 0x0000000100000000)
  region size 1024K, 31 young (31744K), 2 survivors (2048K)
 Metaspace       used 70993K, capacity 72839K, committed 73036K, reserved 1112064K
  class space    used 9211K, capacity 9842K, committed 9856K, reserved 1048576K
}
Event: 48.017 GC heap after
{Heap after GC invocations=22 (full 0):
 garbage-first heap   total 131072K, used 80290K [0x0000000080000000, 0x0000000100000000)
  region size 1024K, 3 young (3072K), 3 survivors (3072K)
 Metaspace       used 70993K, capacity 72839K, committed 73036K, reserved 1112064K
  class space    used 9211K, capacity 9842K, committed 9856K, reserved 1048576K
}
Event: 49.378 GC heap before
{Heap before GC invocations=22 (full 0):
 garbage-first heap   total 131072K, used 109986K [0x0000000080000000, 0x0000000100000000)
  region size 1024K, 32 young (32768K), 3 survivors (3072K)
 Metaspace       used 73033K, capacity 75018K, committed 75212K, reserved 1114112K
  class space    used 9493K, capacity 10118K, committed 10240K, reserved 1048576K
}
Event: 49.394 GC heap after
{Heap after GC invocations=23 (full 0):
 garbage-first heap   total 131072K, used 81834K [0x0000000080000000, 0x0000000100000000)
  region size 1024K, 4 young (4096K), 4 survivors (4096K)
 Metaspace       used 73033K, capacity 75018K, committed 75212K, reserved 1114112K
  class space    used 9493K, capacity 10118K, committed 10240K, reserved 1048576K
}
Event: 51.752 GC heap before
{Heap before GC invocations=24 (full 0):
 garbage-first heap   total 131072K, used 110506K [0x0000000080000000, 0x0000000100000000)
  region size 1024K, 32 young (32768K), 4 survivors (4096K)
 Metaspace       used 74816K, capacity 76866K, committed 77004K, reserved 1116160K
  class space    used 9723K, capacity 10426K, committed 10496K, reserved 1048576K
}
Event: 51.768 GC heap after
{Heap after GC invocations=25 (full 0):
 garbage-first heap   total 131072K, used 83905K [0x0000000080000000, 0x0000000100000000)
  region size 1024K, 4 young (4096K), 4 survivors (4096K)
 Metaspace       used 74816K, capacity 76866K, committed 77004K, reserved 1116160K
  class space    used 9723K, capacity 10426K, committed 10496K, reserved 1048576K
}
Event: 52.450 GC heap before
{Heap before GC invocations=25 (full 0):
 garbage-first heap   total 131072K, used 110529K [0x0000000080000000, 0x0000000100000000)
  region size 1024K, 30 young (30720K), 4 survivors (4096K)
 Metaspace       used 76269K, capacity 78363K, committed 78540K, reserved 1118208K
  class space    used 9929K, capacity 10648K, committed 10752K, reserved 1048576K
}
Event: 52.469 GC heap after
{Heap after GC invocations=26 (full 0):
 garbage-first heap   total 131072K, used 85887K [0x0000000080000000, 0x0000000100000000)
  region size 1024K, 4 young (4096K), 4 survivors (4096K)
 Metaspace       used 76269K, capacity 78363K, committed 78540K, reserved 1118208K
  class space    used 9929K, capacity 10648K, committed 10752K, reserved 1048576K
}
Event: 53.221 GC heap before
{Heap before GC invocations=27 (full 0):
 garbage-first heap   total 131072K, used 104319K [0x0000000080000000, 0x0000000100000000)
  region size 1024K, 24 young (24576K), 4 survivors (4096K)
 Metaspace       used 78241K, capacity 80327K, committed 80460K, reserved 1118208K
  class space    used 10165K, capacity 10876K, committed 10880K, reserved 1048576K
}
Event: 53.237 GC heap after
{Heap after GC invocations=28 (full 0):
 garbage-first heap   total 131072K, used 87920K [0x0000000080000000, 0x0000000100000000)
  region size 1024K, 4 young (4096K), 4 survivors (4096K)
 Metaspace       used 78241K, capacity 80327K, committed 80460K, reserved 1118208K
  class space    used 10165K, capacity 10876K, committed 10880K, reserved 1048576K
}
Event: 54.111 GC heap before
{Heap before GC invocations=29 (full 0):
 garbage-first heap   total 131072K, used 111472K [0x0000000080000000, 0x0000000100000000)
  region size 1024K, 26 young (26624K), 4 survivors (4096K)
 Metaspace       used 81390K, capacity 83469K, committed 83660K, reserved 1122304K
  class space    used 10545K, capacity 11262K, committed 11264K, reserved 1048576K
}
Event: 54.125 GC heap after
{Heap after GC invocations=30 (full 0):
 garbage-first heap   total 157696K, used 88210K [0x0000000080000000, 0x0000000100000000)
  region size 1024K, 1 young (1024K), 1 survivors (1024K)
 Metaspace       used 81390K, capacity 83469K, committed 83660K, reserved 1122304K
  class space    used 10545K, capacity 11262K, committed 11264K, reserved 1048576K
}

