# JRE version: OpenJDK Runtime Environment (11.0.10) (build 11.0.10+0-b96-7249189)
# Java VM: OpenJDK 64-Bit Server VM (11.0.10+0-b96-7249189, mixed mode, tiered, compressed oops, g1 gc, windows-amd64)
Heap:
 garbage-first heap   total 189440K, used 118475K [0x0000000080000000, 0x0000000100000000)
  region size 1024K, 16 young (16384K), 1 survivors (1024K)
 Metaspace       used 115149K, capacity 118340K, committed 118588K, reserved 1153024K
  class space    used 14797K, capacity 16027K, committed 16128K, reserved 1048576K
GC Heap History (20 events):
Event: 146.716 GC heap before
{Heap before GC invocations=36 (full 0):
 garbage-first heap   total 189440K, used 148429K [0x0000000080000000, 0x0000000100000000)
  region size 1024K, 32 young (32768K), 2 survivors (2048K)
 Metaspace       used 112436K, capacity 115460K, committed 115772K, reserved 1148928K
  class space    used 14617K, capacity 15748K, committed 15872K, reserved 1048576K
}
Event: 146.739 GC heap after
{Heap after GC invocations=37 (full 0):
 garbage-first heap   total 189440K, used 123450K [0x0000000080000000, 0x0000000100000000)
  region size 1024K, 4 young (4096K), 4 survivors (4096K)
 Metaspace       used 112436K, capacity 115460K, committed 115772K, reserved 1148928K
  class space    used 14617K, capacity 15748K, committed 15872K, reserved 1048576K
}
Event: 291.304 GC heap before
{Heap before GC invocations=38 (full 0):
 garbage-first heap   total 189440K, used 153146K [0x0000000080000000, 0x0000000100000000)
  region size 1024K, 33 young (33792K), 4 survivors (4096K)
 Metaspace       used 112871K, capacity 115917K, committed 116284K, reserved 1150976K
  class space    used 14638K, capacity 15789K, committed 15872K, reserved 1048576K
}
Event: 291.324 GC heap after
{Heap after GC invocations=39 (full 0):
 garbage-first heap   total 189440K, used 109344K [0x0000000080000000, 0x0000000100000000)
  region size 1024K, 2 young (2048K), 2 survivors (2048K)
 Metaspace       used 112871K, capacity 115917K, committed 116284K, reserved 1150976K
  class space    used 14638K, capacity 15789K, committed 15872K, reserved 1048576K
}
Event: 291.527 GC heap before
{Heap before GC invocations=39 (full 0):
 garbage-first heap   total 189440K, used 116512K [0x0000000080000000, 0x0000000100000000)
  region size 1024K, 9 young (9216K), 2 survivors (2048K)
 Metaspace       used 112899K, capacity 115930K, committed 116284K, reserved 1150976K
  class space    used 14639K, capacity 15791K, committed 15872K, reserved 1048576K
}
Event: 291.546 GC heap after
{Heap after GC invocations=40 (full 0):
 garbage-first heap   total 189440K, used 99751K [0x0000000080000000, 0x0000000100000000)
  region size 1024K, 2 young (2048K), 2 survivors (2048K)
 Metaspace       used 112899K, capacity 115930K, committed 116284K, reserved 1150976K
  class space    used 14639K, capacity 15791K, committed 15872K, reserved 1048576K
}
Event: 292.901 GC heap before
{Heap before GC invocations=40 (full 0):
 garbage-first heap   total 189440K, used 139687K [0x0000000080000000, 0x0000000100000000)
  region size 1024K, 42 young (43008K), 2 survivors (2048K)
 Metaspace       used 113399K, capacity 116485K, committed 116668K, reserved 1150976K
  class space    used 14660K, capacity 15842K, committed 16000K, reserved 1048576K
}
Event: 292.922 GC heap after
{Heap after GC invocations=41 (full 0):
 garbage-first heap   total 189440K, used 104206K [0x0000000080000000, 0x0000000100000000)
  region size 1024K, 6 young (6144K), 6 survivors (6144K)
 Metaspace       used 113399K, capacity 116485K, committed 116668K, reserved 1150976K
  class space    used 14660K, capacity 15842K, committed 16000K, reserved 1048576K
}
Event: 292.960 GC heap before
{Heap before GC invocations=41 (full 0):
 garbage-first heap   total 189440K, used 105230K [0x0000000080000000, 0x0000000100000000)
  region size 1024K, 8 young (8192K), 6 survivors (6144K)
 Metaspace       used 113416K, capacity 116549K, committed 116924K, reserved 1150976K
  class space    used 14665K, capacity 15842K, committed 16000K, reserved 1048576K
}
Event: 292.991 GC heap after
{Heap after GC invocations=42 (full 0):
 garbage-first heap   total 189440K, used 105513K [0x0000000080000000, 0x0000000100000000)
  region size 1024K, 2 young (2048K), 2 survivors (2048K)
 Metaspace       used 113416K, capacity 116549K, committed 116924K, reserved 1150976K
  class space    used 14665K, capacity 15842K, committed 16000K, reserved 1048576K
}
Event: 293.985 GC heap before
{Heap before GC invocations=43 (full 0):
 garbage-first heap   total 189440K, used 134185K [0x0000000080000000, 0x0000000100000000)
  region size 1024K, 30 young (30720K), 2 survivors (2048K)
 Metaspace       used 113437K, capacity 116549K, committed 116924K, reserved 1150976K
  class space    used 14665K, capacity 15842K, committed 16000K, reserved 1048576K
}
Event: 294.008 GC heap after
{Heap after GC invocations=44 (full 0):
 garbage-first heap   total 189440K, used 113453K [0x0000000080000000, 0x0000000100000000)
  region size 1024K, 4 young (4096K), 4 survivors (4096K)
 Metaspace       used 113437K, capacity 116549K, committed 116924K, reserved 1150976K
  class space    used 14665K, capacity 15842K, committed 16000K, reserved 1048576K
}
Event: 294.255 GC heap before
{Heap before GC invocations=44 (full 0):
 garbage-first heap   total 189440K, used 118573K [0x0000000080000000, 0x0000000100000000)
  region size 1024K, 9 young (9216K), 4 survivors (4096K)
 Metaspace       used 113792K, capacity 116837K, committed 117180K, reserved 1150976K
  class space    used 14708K, capacity 15874K, committed 16000K, reserved 1048576K
}
Event: 294.290 GC heap after
{Heap after GC invocations=45 (full 0):
 garbage-first heap   total 189440K, used 105317K [0x0000000080000000, 0x0000000100000000)
  region size 1024K, 2 young (2048K), 2 survivors (2048K)
 Metaspace       used 113792K, capacity 116837K, committed 117180K, reserved 1150976K
  class space    used 14708K, capacity 15874K, committed 16000K, reserved 1048576K
}
Event: 295.384 GC heap before
{Heap before GC invocations=45 (full 0):
 garbage-first heap   total 189440K, used 135013K [0x0000000080000000, 0x0000000100000000)
  region size 1024K, 31 young (31744K), 2 survivors (2048K)
 Metaspace       used 114551K, capacity 117677K, committed 118076K, reserved 1150976K
  class space    used 14771K, capacity 15980K, committed 16128K, reserved 1048576K
}
Event: 295.404 GC heap after
{Heap after GC invocations=46 (full 0):
 garbage-first heap   total 189440K, used 108544K [0x0000000080000000, 0x0000000100000000)
  region size 1024K, 4 young (4096K), 4 survivors (4096K)
 Metaspace       used 114551K, capacity 117677K, committed 118076K, reserved 1150976K
  class space    used 14771K, capacity 15980K, committed 16128K, reserved 1048576K
}
Event: 378.799 GC heap before
{Heap before GC invocations=47 (full 0):
 garbage-first heap   total 189440K, used 153600K [0x0000000080000000, 0x0000000100000000)
  region size 1024K, 35 young (35840K), 4 survivors (4096K)
 Metaspace       used 114898K, capacity 118145K, committed 118332K, reserved 1150976K
  class space    used 14791K, capacity 16018K, committed 16128K, reserved 1048576K
}
Event: 378.829 GC heap after
{Heap after GC invocations=48 (full 0):
 garbage-first heap   total 189440K, used 110495K [0x0000000080000000, 0x0000000100000000)
  region size 1024K, 3 young (3072K), 3 survivors (3072K)
 Metaspace       used 114898K, capacity 118145K, committed 118332K, reserved 1150976K
  class space    used 14791K, capacity 16018K, committed 16128K, reserved 1048576K
}
Event: 379.029 GC heap before
{Heap before GC invocations=48 (full 0):
 garbage-first heap   total 189440K, used 116639K [0x0000000080000000, 0x0000000100000000)
  region size 1024K, 9 young (9216K), 3 survivors (3072K)
 Metaspace       used 114944K, capacity 118217K, committed 118332K, reserved 1150976K
  class space    used 14791K, capacity 16018K, committed 16128K, reserved 1048576K
}
Event: 379.087 GC heap after
{Heap after GC invocations=49 (full 0):
 garbage-first heap   total 189440K, used 104139K [0x0000000080000000, 0x0000000100000000)
  region size 1024K, 1 young (1024K), 1 survivors (1024K)
 Metaspace       used 114944K, capacity 118217K, committed 118332K, reserved 1150976K
  class space    used 14791K, capacity 16018K, committed 16128K, reserved 1048576K
}

