# JRE version: OpenJDK Runtime Environment (11.0.10) (build 11.0.10+0-b96-7249189)
# Java VM: OpenJDK 64-Bit Server VM (11.0.10+0-b96-7249189, mixed mode, tiered, compressed oops, g1 gc, windows-amd64)
Heap:
 garbage-first heap   total 157696K, used 117285K [0x0000000080000000, 0x0000000100000000)
  region size 1024K, 72 young (73728K), 10 survivors (10240K)
 Metaspace       used 49437K, capacity 50806K, committed 50816K, reserved 1093632K
  class space    used 6323K, capacity 6775K, committed 6784K, reserved 1048576K
GC Heap History (16 events):
Event: 1.290 GC heap before
{Heap before GC invocations=0 (full 0):
 garbage-first heap   total 131072K, used 19456K [0x0000000080000000, 0x0000000100000000)
  region size 1024K, 14 young (14336K), 0 survivors (0K)
 Metaspace       used 6734K, capacity 6925K, committed 7168K, reserved 1056768K
  class space    used 582K, capacity 650K, committed 768K, reserved 1048576K
}
Event: 1.307 GC heap after
{Heap after GC invocations=1 (full 0):
 garbage-first heap   total 131072K, used 7880K [0x0000000080000000, 0x0000000100000000)
  region size 1024K, 2 young (2048K), 2 survivors (2048K)
 Metaspace       used 6734K, capacity 6925K, committed 7168K, reserved 1056768K
  class space    used 582K, capacity 650K, committed 768K, reserved 1048576K
}
Event: 2.026 GC heap before
{Heap before GC invocations=1 (full 0):
 garbage-first heap   total 131072K, used 19144K [0x0000000080000000, 0x0000000100000000)
  region size 1024K, 13 young (13312K), 2 survivors (2048K)
 Metaspace       used 9851K, capacity 10054K, committed 10112K, reserved 1058816K
  class space    used 1021K, capacity 1102K, committed 1152K, reserved 1048576K
}
Event: 2.031 GC heap after
{Heap after GC invocations=2 (full 0):
 garbage-first heap   total 131072K, used 9153K [0x0000000080000000, 0x0000000100000000)
  region size 1024K, 2 young (2048K), 2 survivors (2048K)
 Metaspace       used 9851K, capacity 10054K, committed 10112K, reserved 1058816K
  class space    used 1021K, capacity 1102K, committed 1152K, reserved 1048576K
}
Event: 3.204 GC heap before
{Heap before GC invocations=2 (full 0):
 garbage-first heap   total 131072K, used 37825K [0x0000000080000000, 0x0000000100000000)
  region size 1024K, 30 young (30720K), 2 survivors (2048K)
 Metaspace       used 10771K, capacity 11007K, committed 11264K, reserved 1058816K
  class space    used 1124K, capacity 1206K, committed 1280K, reserved 1048576K
}
Event: 3.210 GC heap after
{Heap after GC invocations=3 (full 0):
 garbage-first heap   total 131072K, used 12108K [0x0000000080000000, 0x0000000100000000)
  region size 1024K, 3 young (3072K), 3 survivors (3072K)
 Metaspace       used 10771K, capacity 11007K, committed 11264K, reserved 1058816K
  class space    used 1124K, capacity 1206K, committed 1280K, reserved 1048576K
}
Event: 6.120 GC heap before
{Heap before GC invocations=3 (full 0):
 garbage-first heap   total 131072K, used 77644K [0x0000000080000000, 0x0000000100000000)
  region size 1024K, 68 young (69632K), 3 survivors (3072K)
 Metaspace       used 20619K, capacity 21089K, committed 21248K, reserved 1067008K
  class space    used 2514K, capacity 2699K, committed 2816K, reserved 1048576K
}
Event: 6.136 GC heap after
{Heap after GC invocations=4 (full 0):
 garbage-first heap   total 131072K, used 16733K [0x0000000080000000, 0x0000000100000000)
  region size 1024K, 9 young (9216K), 9 survivors (9216K)
 Metaspace       used 20619K, capacity 21089K, committed 21248K, reserved 1067008K
  class space    used 2514K, capacity 2699K, committed 2816K, reserved 1048576K
}
Event: 8.017 GC heap before
{Heap before GC invocations=5 (full 0):
 garbage-first heap   total 131072K, used 93533K [0x0000000080000000, 0x0000000100000000)
  region size 1024K, 74 young (75776K), 9 survivors (9216K)
 Metaspace       used 26911K, capacity 27694K, committed 27904K, reserved 1073152K
  class space    used 3550K, capacity 3838K, committed 3840K, reserved 1048576K
}
Event: 8.037 GC heap after
{Heap after GC invocations=6 (full 0):
 garbage-first heap   total 131072K, used 32476K [0x0000000080000000, 0x0000000100000000)
  region size 1024K, 6 young (6144K), 6 survivors (6144K)
 Metaspace       used 26911K, capacity 27694K, committed 27904K, reserved 1073152K
  class space    used 3550K, capacity 3838K, committed 3840K, reserved 1048576K
}
Event: 9.800 GC heap before
{Heap before GC invocations=6 (full 0):
 garbage-first heap   total 131072K, used 82652K [0x0000000080000000, 0x0000000100000000)
  region size 1024K, 56 young (57344K), 6 survivors (6144K)
 Metaspace       used 34831K, capacity 35730K, committed 35840K, reserved 1081344K
  class space    used 4548K, capacity 4899K, committed 4992K, reserved 1048576K
}
Event: 9.826 GC heap after
{Heap after GC invocations=7 (full 0):
 garbage-first heap   total 131072K, used 36362K [0x0000000080000000, 0x0000000100000000)
  region size 1024K, 4 young (4096K), 4 survivors (4096K)
 Metaspace       used 34831K, capacity 35730K, committed 35840K, reserved 1081344K
  class space    used 4548K, capacity 4899K, committed 4992K, reserved 1048576K
}
Event: 11.703 GC heap before
{Heap before GC invocations=8 (full 0):
 garbage-first heap   total 131072K, used 99850K [0x0000000080000000, 0x0000000100000000)
  region size 1024K, 64 young (65536K), 4 survivors (4096K)
 Metaspace       used 40944K, capacity 42003K, committed 42368K, reserved 1085440K
  class space    used 5255K, capacity 5646K, committed 5760K, reserved 1048576K
}
Event: 11.737 GC heap after
{Heap after GC invocations=9 (full 0):
 garbage-first heap   total 157696K, used 40156K [0x0000000080000000, 0x0000000100000000)
  region size 1024K, 8 young (8192K), 8 survivors (8192K)
 Metaspace       used 40944K, capacity 42003K, committed 42368K, reserved 1085440K
  class space    used 5255K, capacity 5646K, committed 5760K, reserved 1048576K
}
Event: 13.858 GC heap before
{Heap before GC invocations=10 (full 0):
 garbage-first heap   total 157696K, used 121052K [0x0000000080000000, 0x0000000100000000)
  region size 1024K, 79 young (80896K), 8 survivors (8192K)
 Metaspace       used 45668K, capacity 46864K, committed 46976K, reserved 1089536K
  class space    used 5795K, capacity 6233K, committed 6272K, reserved 1048576K
}
Event: 13.890 GC heap after
{Heap after GC invocations=11 (full 0):
 garbage-first heap   total 157696K, used 54821K [0x0000000080000000, 0x0000000100000000)
  region size 1024K, 10 young (10240K), 10 survivors (10240K)
 Metaspace       used 45668K, capacity 46864K, committed 46976K, reserved 1089536K
  class space    used 5795K, capacity 6233K, committed 6272K, reserved 1048576K
}

