# JRE version: OpenJDK Runtime Environment (11.0.10) (build 11.0.10+0-b96-7249189)
# Java VM: OpenJDK 64-Bit Server VM (11.0.10+0-b96-7249189, mixed mode, tiered, compressed oops, g1 gc, windows-amd64)
Heap:
 garbage-first heap   total 189440K, used 82158K [0x0000000080000000, 0x0000000100000000)
  region size 1024K, 4 young (4096K), 4 survivors (4096K)
 Metaspace       used 73854K, capacity 75769K, committed 76132K, reserved 1116160K
  class space    used 9607K, capacity 10242K, committed 10368K, reserved 1048576K
GC Heap History (20 events):
Event: 7.220 GC heap after
{Heap after GC invocations=6 (full 0):
 garbage-first heap   total 131072K, used 31857K [0x0000000080000000, 0x0000000100000000)
  region size 1024K, 6 young (6144K), 6 survivors (6144K)
 Metaspace       used 26947K, capacity 27690K, committed 27904K, reserved 1073152K
  class space    used 3556K, capacity 3838K, committed 3840K, reserved 1048576K
}
Event: 8.918 GC heap before
{Heap before GC invocations=6 (full 0):
 garbage-first heap   total 131072K, used 81009K [0x0000000080000000, 0x0000000100000000)
  region size 1024K, 56 young (57344K), 6 survivors (6144K)
 Metaspace       used 34822K, capacity 35726K, committed 35840K, reserved 1081344K
  class space    used 4540K, capacity 4899K, committed 4992K, reserved 1048576K
}
Event: 8.942 GC heap after
{Heap after GC invocations=7 (full 0):
 garbage-first heap   total 131072K, used 35080K [0x0000000080000000, 0x0000000100000000)
  region size 1024K, 4 young (4096K), 4 survivors (4096K)
 Metaspace       used 34822K, capacity 35726K, committed 35840K, reserved 1081344K
  class space    used 4540K, capacity 4899K, committed 4992K, reserved 1048576K
}
Event: 10.597 GC heap before
{Heap before GC invocations=8 (full 0):
 garbage-first heap   total 131072K, used 100616K [0x0000000080000000, 0x0000000100000000)
  region size 1024K, 66 young (67584K), 4 survivors (4096K)
 Metaspace       used 41063K, capacity 42133K, committed 42340K, reserved 1085440K
  class space    used 5266K, capacity 5648K, committed 5760K, reserved 1048576K
}
Event: 10.629 GC heap after
{Heap after GC invocations=9 (full 0):
 garbage-first heap   total 157696K, used 39110K [0x0000000080000000, 0x0000000100000000)
  region size 1024K, 8 young (8192K), 8 survivors (8192K)
 Metaspace       used 41063K, capacity 42133K, committed 42340K, reserved 1085440K
  class space    used 5266K, capacity 5648K, committed 5760K, reserved 1048576K
}
Event: 12.600 GC heap before
{Heap before GC invocations=10 (full 0):
 garbage-first heap   total 157696K, used 123078K [0x0000000080000000, 0x0000000100000000)
  region size 1024K, 82 young (83968K), 8 survivors (8192K)
 Metaspace       used 45948K, capacity 47212K, committed 47460K, reserved 1091584K
  class space    used 5830K, capacity 6265K, committed 6272K, reserved 1048576K
}
Event: 12.632 GC heap after
{Heap after GC invocations=11 (full 0):
 garbage-first heap   total 157696K, used 54200K [0x0000000080000000, 0x0000000100000000)
  region size 1024K, 11 young (11264K), 11 survivors (11264K)
 Metaspace       used 45948K, capacity 47212K, committed 47460K, reserved 1091584K
  class space    used 5830K, capacity 6265K, committed 6272K, reserved 1048576K
}
Event: 14.586 GC heap before
{Heap before GC invocations=11 (full 0):
 garbage-first heap   total 157696K, used 122808K [0x0000000080000000, 0x0000000100000000)
  region size 1024K, 77 young (78848K), 11 survivors (11264K)
 Metaspace       used 49697K, capacity 51133K, committed 51428K, reserved 1093632K
  class space    used 6346K, capacity 6815K, committed 6912K, reserved 1048576K
}
Event: 14.618 GC heap after
{Heap after GC invocations=12 (full 0):
 garbage-first heap   total 157696K, used 61650K [0x0000000080000000, 0x0000000100000000)
  region size 1024K, 6 young (6144K), 6 survivors (6144K)
 Metaspace       used 49697K, capacity 51133K, committed 51428K, reserved 1093632K
  class space    used 6346K, capacity 6815K, committed 6912K, reserved 1048576K
}
Event: 16.566 GC heap before
{Heap before GC invocations=12 (full 0):
 garbage-first heap   total 157696K, used 125138K [0x0000000080000000, 0x0000000100000000)
  region size 1024K, 67 young (68608K), 6 survivors (6144K)
 Metaspace       used 57478K, capacity 59142K, committed 59364K, reserved 1101824K
  class space    used 7292K, capacity 7858K, committed 7936K, reserved 1048576K
}
Event: 16.584 GC heap after
{Heap after GC invocations=13 (full 0):
 garbage-first heap   total 157696K, used 69542K [0x0000000080000000, 0x0000000100000000)
  region size 1024K, 6 young (6144K), 6 survivors (6144K)
 Metaspace       used 57478K, capacity 59142K, committed 59364K, reserved 1101824K
  class space    used 7292K, capacity 7858K, committed 7936K, reserved 1048576K
}
Event: 18.194 GC heap before
{Heap before GC invocations=13 (full 0):
 garbage-first heap   total 157696K, used 125862K [0x0000000080000000, 0x0000000100000000)
  region size 1024K, 62 young (63488K), 6 survivors (6144K)
 Metaspace       used 63877K, capacity 65542K, committed 65892K, reserved 1105920K
  class space    used 8121K, capacity 8707K, committed 8832K, reserved 1048576K
}
Event: 18.212 GC heap after
{Heap after GC invocations=14 (full 0):
 garbage-first heap   total 157696K, used 74894K [0x0000000080000000, 0x0000000100000000)
  region size 1024K, 5 young (5120K), 5 survivors (5120K)
 Metaspace       used 63877K, capacity 65542K, committed 65892K, reserved 1105920K
  class space    used 8121K, capacity 8707K, committed 8832K, reserved 1048576K
}
Event: 18.279 GC heap before
{Heap before GC invocations=14 (full 0):
 garbage-first heap   total 157696K, used 76942K [0x0000000080000000, 0x0000000100000000)
  region size 1024K, 8 young (8192K), 5 survivors (5120K)
 Metaspace       used 64104K, capacity 65836K, committed 66148K, reserved 1105920K
  class space    used 8140K, capacity 8741K, committed 8832K, reserved 1048576K
}
Event: 18.292 GC heap after
{Heap after GC invocations=15 (full 0):
 garbage-first heap   total 157696K, used 75776K [0x0000000080000000, 0x0000000100000000)
  region size 1024K, 1 young (1024K), 1 survivors (1024K)
 Metaspace       used 64104K, capacity 65836K, committed 66148K, reserved 1105920K
  class space    used 8140K, capacity 8741K, committed 8832K, reserved 1048576K
}
Event: 19.176 GC heap before
{Heap before GC invocations=16 (full 0):
 garbage-first heap   total 157696K, used 117760K [0x0000000080000000, 0x0000000100000000)
  region size 1024K, 41 young (41984K), 1 survivors (1024K)
 Metaspace       used 65383K, capacity 67171K, committed 67300K, reserved 1107968K
  class space    used 8319K, capacity 8944K, committed 8960K, reserved 1048576K
}
Event: 19.189 GC heap after
{Heap after GC invocations=17 (full 0):
 garbage-first heap   total 157696K, used 78272K [0x0000000080000000, 0x0000000100000000)
  region size 1024K, 4 young (4096K), 4 survivors (4096K)
 Metaspace       used 65383K, capacity 67171K, committed 67300K, reserved 1107968K
  class space    used 8319K, capacity 8944K, committed 8960K, reserved 1048576K
}
Event: 20.508 GC heap before
{Heap before GC invocations=17 (full 0):
 garbage-first heap   total 157696K, used 120256K [0x0000000080000000, 0x0000000100000000)
  region size 1024K, 45 young (46080K), 4 survivors (4096K)
 Metaspace       used 70233K, capacity 72064K, committed 72292K, reserved 1112064K
  class space    used 9095K, capacity 9739K, committed 9856K, reserved 1048576K
}
Event: 20.526 GC heap after
{Heap after GC invocations=18 (full 0):
 garbage-first heap   total 157696K, used 80760K [0x0000000080000000, 0x0000000100000000)
  region size 1024K, 3 young (3072K), 3 survivors (3072K)
 Metaspace       used 70233K, capacity 72064K, committed 72292K, reserved 1112064K
  class space    used 9095K, capacity 9739K, committed 9856K, reserved 1048576K
}
Event: 21.764 GC heap before
{Heap before GC invocations=19 (full 0):
 garbage-first heap   total 157696K, used 122744K [0x0000000080000000, 0x0000000100000000)
  region size 1024K, 44 young (45056K), 3 survivors (3072K)
 Metaspace       used 73854K, capacity 75769K, committed 76132K, reserved 1116160K
  class space    used 9607K, capacity 10242K, committed 10368K, reserved 1048576K
}

